TN:
SF:src/common/decorators/get-user.decorator.ts
FN:3,(anonymous_0)
FNF:1
FNH:0
FNDA:0,(anonymous_0)
DA:1,0
DA:3,0
DA:4,0
DA:5,0
DA:7,0
LF:5
LH:0
BRDA:7,0,0,0
BRDA:7,0,1,0
BRF:2
BRH:0
end_of_record
TN:
SF:src/common/filters/http-exception.filter.ts
FN:6,(anonymous_1)
FNF:1
FNH:0
FNDA:0,(anonymous_1)
DA:1,0
DA:5,0
DA:7,0
DA:8,0
DA:9,0
DA:12,0
DA:15,0
DA:19,0
LF:8
LH:0
BRDA:12,0,0,0
BRDA:12,0,1,0
BRDA:15,1,0,0
BRDA:15,1,1,0
BRDA:23,2,0,0
BRDA:23,2,1,0
BRF:6
BRH:0
end_of_record
TN:
SF:src/common/interceptors/logging.interceptor.ts
FN:15,(anonymous_4)
FN:20,(anonymous_5)
FN:41,(anonymous_6)
FN:56,(anonymous_7)
FNF:4
FNH:0
FNDA:0,(anonymous_4)
FNDA:0,(anonymous_5)
FNDA:0,(anonymous_6)
FNDA:0,(anonymous_7)
DA:1,0
DA:10,0
DA:11,0
DA:14,0
DA:17,0
DA:21,0
DA:22,0
DA:24,0
DA:25,0
DA:26,0
DA:29,0
DA:39,0
DA:42,0
DA:43,0
DA:46,0
DA:57,0
DA:60,0
LF:17
LH:0
BRDA:24,0,0,0
BRDA:24,0,1,0
BRDA:25,1,0,0
BRDA:25,1,1,0
BRF:4
BRH:0
end_of_record
TN:
SF:src/config/logger.config.ts
FN:9,(anonymous_9)
FN:23,(anonymous_10)
FNF:2
FNH:0
FNDA:0,(anonymous_9)
FNDA:0,(anonymous_10)
DA:2,0
DA:9,0
DA:10,0
DA:16,0
DA:18,0
DA:21,0
DA:24,0
DA:25,0
DA:30,0
DA:34,0
LF:10
LH:0
BRDA:16,0,0,0
BRDA:16,0,1,0
BRDA:24,1,0,0
BRDA:24,1,1,0
BRDA:25,2,0,0
BRDA:25,2,1,0
BRDA:25,3,0,0
BRDA:25,3,1,0
BRDA:39,4,0,0
BRDA:39,4,1,0
BRDA:43,5,0,0
BRDA:43,5,1,0
BRF:12
BRH:0
end_of_record
TN:
SF:src/config/prisma.service.ts
FN:6,(anonymous_1)
FN:10,(anonymous_2)
FNF:2
FNH:0
FNDA:0,(anonymous_1)
FNDA:0,(anonymous_2)
DA:1,2
DA:2,2
DA:5,2
DA:7,0
DA:11,0
LF:5
LH:3
BRF:0
BRH:0
end_of_record
TN:
SF:src/modules/audit/audit.controller.ts
FN:13,(anonymous_4)
FN:27,(anonymous_5)
FN:57,(anonymous_6)
FN:75,(anonymous_7)
FNF:4
FNH:0
FNDA:0,(anonymous_4)
FNDA:0,(anonymous_5)
FNDA:0,(anonymous_6)
FNDA:0,(anonymous_7)
DA:1,0
DA:2,0
DA:3,0
DA:4,0
DA:5,0
DA:6,0
DA:12,0
DA:13,0
DA:27,0
DA:37,0
DA:57,0
DA:63,0
DA:75,0
DA:80,0
LF:14
LH:0
BRDA:42,0,0,0
BRDA:42,0,1,0
BRDA:43,1,0,0
BRDA:43,1,1,0
BRDA:44,2,0,0
BRDA:44,2,1,0
BRDA:45,3,0,0
BRDA:45,3,1,0
BRDA:64,4,0,0
BRDA:64,4,1,0
BRDA:65,5,0,0
BRDA:65,5,1,0
BRDA:81,6,0,0
BRDA:81,6,1,0
BRDA:82,7,0,0
BRDA:82,7,1,0
BRF:16
BRH:0
end_of_record
TN:
SF:src/modules/audit/audit.service.ts
FN:5,(anonymous_4)
FN:18,(anonymous_5)
FN:51,(anonymous_6)
FN:61,(anonymous_7)
FN:105,(anonymous_8)
FN:124,(anonymous_9)
FN:159,(anonymous_10)
FN:181,(anonymous_11)
FNF:8
FNH:0
FNDA:0,(anonymous_4)
FNDA:0,(anonymous_5)
FNDA:0,(anonymous_6)
FNDA:0,(anonymous_7)
FNDA:0,(anonymous_8)
FNDA:0,(anonymous_9)
FNDA:0,(anonymous_10)
FNDA:0,(anonymous_11)
DA:1,0
DA:2,0
DA:3,0
DA:5,0
DA:6,0
DA:7,0
DA:8,0
DA:9,0
DA:10,0
DA:11,0
DA:12,0
DA:13,0
DA:14,0
DA:15,0
DA:18,0
DA:19,0
DA:20,0
DA:21,0
DA:22,0
DA:23,0
DA:24,0
DA:50,0
DA:52,0
DA:54,0
DA:62,0
DA:64,0
DA:67,0
DA:75,0
DA:89,0
DA:90,0
DA:92,0
DA:106,0
DA:109,0
DA:110,0
DA:112,0
DA:113,0
DA:114,0
DA:118,0
DA:132,0
DA:166,0
DA:188,0
DA:190,0
DA:191,0
DA:192,0
DA:193,0
DA:195,0
DA:196,0
DA:197,0
DA:198,0
DA:201,0
LF:50
LH:0
BRDA:5,0,0,0
BRDA:5,0,1,0
BRDA:18,1,0,0
BRDA:18,1,1,0
BRDA:81,2,0,0
BRDA:81,2,1,0
BRDA:82,3,0,0
BRDA:82,3,1,0
BRDA:84,4,0,0
BRDA:84,4,1,0
BRDA:89,5,0,0
BRDA:89,5,1,0
BRDA:90,6,0,0
BRDA:90,6,1,0
BRDA:106,7,0,0
BRDA:106,7,1,0
BRDA:113,8,0,0
BRDA:113,8,1,0
BRDA:140,9,0,0
BRDA:140,9,1,0
BRDA:141,10,0,0
BRDA:141,10,1,0
BRDA:173,11,0,0
BRDA:173,11,1,0
BRDA:174,12,0,0
BRDA:174,12,1,0
BRDA:190,13,0,0
BRDA:190,13,1,0
BRDA:191,14,0,0
BRDA:191,14,1,0
BRDA:192,15,0,0
BRDA:192,15,1,0
BRDA:193,16,0,0
BRDA:193,16,1,0
BRDA:195,17,0,0
BRDA:195,17,1,0
BRDA:195,18,0,0
BRDA:195,18,1,0
BRDA:197,19,0,0
BRDA:197,19,1,0
BRDA:198,20,0,0
BRDA:198,20,1,0
BRDA:206,21,0,0
BRDA:206,21,1,0
BRDA:207,22,0,0
BRDA:207,22,1,0
BRF:46
BRH:0
end_of_record
TN:
SF:src/modules/auth/auth.controller.ts
FN:34,(anonymous_4)
FN:43,(anonymous_5)
FN:68,(anonymous_6)
FN:103,(anonymous_7)
FN:120,(anonymous_8)
FNF:5
FNH:0
FNDA:0,(anonymous_4)
FNDA:0,(anonymous_5)
FNDA:0,(anonymous_6)
FNDA:0,(anonymous_7)
FNDA:0,(anonymous_8)
DA:1,0
DA:2,0
DA:4,0
DA:5,0
DA:7,0
DA:8,0
DA:9,0
DA:12,0
DA:15,0
DA:18,0
DA:21,0
DA:28,0
DA:29,0
DA:33,0
DA:34,0
DA:43,0
DA:44,0
DA:47,0
DA:52,0
DA:58,0
DA:68,0
DA:74,0
DA:76,0
DA:77,0
DA:80,0
DA:83,0
DA:88,0
DA:93,0
DA:103,0
DA:104,0
DA:107,0
DA:108,0
DA:110,0
DA:120,0
DA:121,0
LF:35
LH:0
BRDA:74,0,0,0
BRDA:74,0,1,0
BRDA:76,1,0,0
BRDA:76,1,1,0
BRF:4
BRH:0
end_of_record
TN:
SF:src/modules/auth/auth.service.ts
FN:19,(anonymous_13)
FN:28,(anonymous_14)
FN:43,(anonymous_15)
FN:99,(anonymous_16)
FN:196,(anonymous_17)
FN:224,(anonymous_18)
FN:241,(anonymous_19)
FNF:7
FNH:7
FNDA:19,(anonymous_13)
FNDA:6,(anonymous_14)
FNDA:3,(anonymous_15)
FNDA:9,(anonymous_16)
FNDA:1,(anonymous_17)
FNDA:2,(anonymous_18)
FNDA:2,(anonymous_19)
DA:1,1
DA:2,1
DA:3,1
DA:4,1
DA:5,1
DA:6,1
DA:7,1
DA:9,1
DA:12,1
DA:15,1
DA:18,1
DA:20,19
DA:21,19
DA:22,19
DA:23,19
DA:25,19
DA:29,6
DA:30,6
DA:31,1
DA:34,5
DA:35,5
DA:36,2
DA:39,3
DA:40,3
DA:44,3
DA:45,3
DA:47,1
DA:52,1
DA:55,2
DA:56,2
DA:61,2
DA:62,2
DA:65,2
DA:68,2
DA:69,2
DA:72,2
DA:82,2
DA:90,2
DA:92,2
DA:100,9
DA:103,9
DA:104,9
DA:105,2
DA:108,7
DA:109,7
DA:114,7
DA:115,1
DA:117,6
DA:118,1
DA:122,5
DA:134,5
DA:135,2
DA:140,3
DA:141,3
DA:142,1
DA:145,2
DA:146,2
DA:147,2
DA:150,2
DA:151,2
DA:152,2
DA:153,2
DA:154,2
DA:158,2
DA:173,2
DA:179,2
DA:181,2
DA:186,7
DA:187,7
DA:192,7
DA:198,1
DA:203,1
DA:209,1
DA:226,2
DA:234,2
DA:235,1
DA:239,1
DA:241,2
DA:245,1
DA:251,1
LF:80
LH:80
BRDA:30,0,0,1
BRDA:30,0,1,5
BRDA:35,1,0,2
BRDA:35,1,1,3
BRDA:45,2,0,1
BRDA:45,2,1,2
BRDA:104,3,0,2
BRDA:104,3,1,7
BRDA:104,4,0,9
BRDA:104,4,1,8
BRDA:114,5,0,1
BRDA:114,5,1,6
BRDA:117,6,0,1
BRDA:117,6,1,5
BRDA:134,7,0,2
BRDA:134,7,1,3
BRDA:134,8,0,5
BRDA:134,8,1,4
BRDA:141,9,0,1
BRDA:141,9,1,2
BRDA:186,10,0,7
BRDA:186,10,1,0
BRDA:224,11,0,1
BRDA:234,12,0,1
BRDA:234,12,1,1
BRF:25
BRH:24
end_of_record
TN:
SF:src/modules/auth/guards/jwt-auth.guard.ts
FNF:0
FNH:0
DA:1,0
DA:2,0
DA:5,0
LF:3
LH:0
BRF:0
BRH:0
end_of_record
TN:
SF:src/modules/auth/strategies/jwt.strategy.ts
FN:9,(anonymous_2)
FN:16,(anonymous_3)
FN:27,(anonymous_4)
FN:39,(anonymous_5)
FNF:4
FNH:0
FNDA:0,(anonymous_2)
FNDA:0,(anonymous_3)
FNDA:0,(anonymous_4)
FNDA:0,(anonymous_5)
DA:1,0
DA:2,0
DA:3,0
DA:4,0
DA:6,0
DA:9,0
DA:10,0
DA:11,0
DA:13,0
DA:16,0
DA:18,0
DA:19,0
DA:20,0
DA:22,0
DA:26,0
DA:28,0
DA:29,0
DA:31,0
DA:40,0
DA:41,0
DA:42,0
DA:44,0
LF:22
LH:0
BRDA:10,0,0,0
BRDA:10,0,1,0
BRDA:10,1,0,0
BRDA:10,1,1,0
BRDA:19,2,0,0
BRDA:19,2,1,0
BRDA:41,3,0,0
BRDA:41,3,1,0
BRF:8
BRH:0
end_of_record
TN:
SF:src/modules/cache/cache.service.ts
FN:16,(anonymous_3)
FN:18,(anonymous_4)
FN:24,(anonymous_5)
FN:35,(anonymous_6)
FN:39,(anonymous_7)
FN:54,(anonymous_8)
FN:72,(anonymous_9)
FN:90,(anonymous_10)
FN:107,(anonymous_11)
FN:156,(anonymous_12)
FN:174,(anonymous_13)
FN:188,(anonymous_14)
FN:200,(anonymous_15)
FNF:13
FNH:10
FNDA:15,(anonymous_3)
FNDA:15,(anonymous_4)
FNDA:0,(anonymous_5)
FNDA:0,(anonymous_6)
FNDA:0,(anonymous_7)
FNDA:17,(anonymous_8)
FNDA:17,(anonymous_9)
FNDA:2,(anonymous_10)
FNDA:2,(anonymous_11)
FNDA:3,(anonymous_12)
FNDA:16,(anonymous_13)
FNDA:17,(anonymous_14)
FNDA:17,(anonymous_15)
DA:1,2
DA:2,2
DA:3,2
DA:10,2
DA:11,15
DA:12,15
DA:13,15
DA:14,15
DA:16,15
DA:19,15
DA:20,15
DA:22,15
DA:23,0
DA:25,0
DA:26,0
DA:27,0
DA:30,0
DA:35,0
DA:36,0
DA:39,0
DA:40,0
DA:43,15
DA:46,0
DA:47,0
DA:55,17
DA:56,17
DA:57,0
DA:58,0
DA:60,17
DA:63,0
DA:64,0
DA:65,0
DA:73,17
DA:74,17
DA:76,17
DA:77,0
DA:79,17
DA:82,0
DA:83,0
DA:91,2
DA:92,2
DA:93,0
DA:95,2
DA:98,0
DA:99,0
DA:108,2
DA:109,2
DA:110,0
DA:111,0
DA:114,0
DA:115,0
DA:123,0
DA:126,0
DA:127,0
DA:128,0
DA:129,0
DA:133,0
DA:134,0
DA:139,2
DA:140,2
DA:141,2
DA:142,6
DA:143,4
DA:148,0
DA:149,0
DA:157,3
DA:158,3
DA:159,0
DA:160,0
DA:162,3
DA:165,0
DA:166,0
DA:167,0
DA:175,16
DA:176,16
DA:177,0
DA:179,16
DA:182,0
DA:183,0
DA:189,17
DA:190,17
DA:192,7
DA:193,1
DA:194,1
DA:197,6
DA:201,17
LF:86
LH:43
BRDA:22,0,0,0
BRDA:22,0,1,15
BRDA:25,1,0,0
BRDA:25,1,1,0
BRDA:46,2,0,0
BRDA:46,2,1,0
BRDA:56,3,0,0
BRDA:56,3,1,17
BRDA:58,4,0,0
BRDA:58,4,1,0
BRDA:63,5,0,0
BRDA:63,5,1,0
BRDA:74,6,0,17
BRDA:74,6,1,16
BRDA:76,7,0,0
BRDA:76,7,1,17
BRDA:82,8,0,0
BRDA:82,8,1,0
BRDA:92,9,0,0
BRDA:92,9,1,2
BRDA:98,10,0,0
BRDA:98,10,1,0
BRDA:109,11,0,0
BRDA:109,11,1,2
BRDA:126,12,0,0
BRDA:126,12,1,0
BRDA:133,13,0,0
BRDA:133,13,1,0
BRDA:142,14,0,4
BRDA:142,14,1,2
BRDA:148,15,0,0
BRDA:148,15,1,0
BRDA:158,16,0,0
BRDA:158,16,1,3
BRDA:162,17,0,3
BRDA:162,17,1,2
BRDA:165,18,0,0
BRDA:165,18,1,0
BRDA:176,19,0,0
BRDA:176,19,1,16
BRDA:182,20,0,0
BRDA:182,20,1,0
BRDA:190,21,0,10
BRDA:190,21,1,7
BRDA:192,22,0,1
BRDA:192,22,1,6
BRF:46
BRH:17
end_of_record
TN:
SF:src/modules/contractors/contractors.controller.ts
FN:24,(anonymous_4)
FN:29,(anonymous_5)
FN:39,(anonymous_6)
FN:51,(anonymous_7)
FN:59,(anonymous_8)
FN:67,(anonymous_9)
FN:75,(anonymous_10)
FNF:7
FNH:0
FNDA:0,(anonymous_4)
FNDA:0,(anonymous_5)
FNDA:0,(anonymous_6)
FNDA:0,(anonymous_7)
FNDA:0,(anonymous_8)
FNDA:0,(anonymous_9)
FNDA:0,(anonymous_10)
DA:1,0
DA:12,0
DA:13,0
DA:14,0
DA:15,0
DA:16,0
DA:17,0
DA:23,0
DA:24,0
DA:29,0
DA:30,0
DA:39,0
DA:44,0
DA:51,0
DA:52,0
DA:59,0
DA:60,0
DA:67,0
DA:68,0
DA:75,0
DA:76,0
LF:21
LH:0
BRF:0
BRH:0
end_of_record
TN:
SF:src/modules/contractors/contractors.service.ts
FN:13,(anonymous_2)
FN:18,(anonymous_3)
FN:42,(anonymous_4)
FN:98,(anonymous_5)
FN:143,(anonymous_6)
FN:168,(anonymous_7)
FN:182,(anonymous_8)
FN:188,(anonymous_9)
FN:189,(anonymous_10)
FN:190,(anonymous_11)
FNF:10
FNH:10
FNDA:18,(anonymous_2)
FNDA:1,(anonymous_3)
FNDA:4,(anonymous_4)
FNDA:12,(anonymous_5)
FNDA:2,(anonymous_6)
FNDA:2,(anonymous_7)
FNDA:5,(anonymous_8)
FNDA:4,(anonymous_9)
FNDA:4,(anonymous_10)
FNDA:4,(anonymous_11)
DA:1,1
DA:2,1
DA:3,1
DA:6,1
DA:9,1
DA:10,18
DA:11,18
DA:14,18
DA:15,18
DA:19,1
DA:37,1
DA:39,1
DA:43,4
DA:46,4
DA:47,4
DA:48,1
DA:51,3
DA:52,3
DA:54,3
DA:84,3
DA:93,3
DA:95,3
DA:99,12
DA:102,12
DA:103,12
DA:104,8
DA:107,4
DA:133,4
DA:134,3
DA:138,1
DA:140,1
DA:144,2
DA:146,1
DA:162,1
DA:163,1
DA:165,1
DA:169,2
DA:171,1
DA:176,1
DA:177,1
DA:179,1
DA:183,5
DA:185,5
DA:186,5
DA:188,5
DA:189,5
DA:190,5
DA:192,5
DA:193,5
DA:194,1
DA:195,4
DA:196,1
DA:197,3
DA:198,2
DA:202,5
DA:203,4
DA:209,5
LF:57
LH:57
BRDA:42,0,0,1
BRDA:42,1,0,1
BRDA:43,2,0,4
BRDA:43,2,1,3
BRDA:47,3,0,1
BRDA:47,3,1,3
BRDA:52,4,0,1
BRDA:52,4,1,2
BRDA:103,5,0,8
BRDA:103,5,1,4
BRDA:133,6,0,3
BRDA:133,6,1,1
BRDA:193,7,0,1
BRDA:193,7,1,4
BRDA:195,8,0,1
BRDA:195,8,1,3
BRDA:197,9,0,2
BRDA:197,9,1,1
BRDA:197,10,0,3
BRDA:197,10,1,2
BRDA:202,11,0,4
BRDA:202,11,1,1
BRF:22
BRH:22
end_of_record
TN:
SF:src/modules/generated-coi/generated-coi.controller.ts
FN:21,(anonymous_4)
FN:25,(anonymous_5)
FN:31,(anonymous_6)
FN:41,(anonymous_7)
FN:47,(anonymous_8)
FN:53,(anonymous_9)
FN:62,(anonymous_10)
FN:71,(anonymous_11)
FN:80,(anonymous_12)
FN:90,(anonymous_13)
FN:96,(anonymous_14)
FNF:11
FNH:0
FNDA:0,(anonymous_4)
FNDA:0,(anonymous_5)
FNDA:0,(anonymous_6)
FNDA:0,(anonymous_7)
FNDA:0,(anonymous_8)
FNDA:0,(anonymous_9)
FNDA:0,(anonymous_10)
FNDA:0,(anonymous_11)
FNDA:0,(anonymous_12)
FNDA:0,(anonymous_13)
FNDA:0,(anonymous_14)
DA:1,0
DA:11,0
DA:12,0
DA:13,0
DA:14,0
DA:15,0
DA:16,0
DA:17,0
DA:20,0
DA:21,0
DA:25,0
DA:26,0
DA:31,0
DA:32,0
DA:36,0
DA:41,0
DA:42,0
DA:47,0
DA:48,0
DA:53,0
DA:57,0
DA:62,0
DA:66,0
DA:71,0
DA:75,0
DA:80,0
DA:85,0
DA:90,0
DA:91,0
DA:96,0
DA:97,0
LF:31
LH:0
BRF:0
BRH:0
end_of_record
TN:
SF:src/modules/projects/projects.controller.ts
FN:17,(anonymous_4)
FN:20,(anonymous_5)
FN:25,(anonymous_6)
FN:32,(anonymous_7)
FN:37,(anonymous_8)
FNF:5
FNH:0
FNDA:0,(anonymous_4)
FNDA:0,(anonymous_5)
FNDA:0,(anonymous_6)
FNDA:0,(anonymous_7)
FNDA:0,(anonymous_8)
DA:1,0
DA:10,0
DA:11,0
DA:12,0
DA:16,0
DA:17,0
DA:20,0
DA:21,0
DA:25,0
DA:27,0
DA:28,0
DA:32,0
DA:33,0
DA:37,0
DA:38,0
LF:15
LH:0
BRDA:27,0,0,0
BRDA:27,0,1,0
BRF:2
BRH:0
end_of_record
TN:
SF:src/modules/users/users.service.ts
FN:9,(anonymous_11)
FN:11,(anonymous_12)
FN:33,(anonymous_13)
FN:63,(anonymous_14)
FN:85,(anonymous_15)
FN:91,(anonymous_16)
FN:112,(anonymous_17)
FNF:7
FNH:0
FNDA:0,(anonymous_11)
FNDA:0,(anonymous_12)
FNDA:0,(anonymous_13)
FNDA:0,(anonymous_14)
FNDA:0,(anonymous_15)
FNDA:0,(anonymous_16)
FNDA:0,(anonymous_17)
DA:1,1
DA:2,1
DA:3,1
DA:8,1
DA:9,0
DA:12,0
DA:16,0
DA:17,0
DA:20,0
DA:22,0
DA:29,0
DA:30,0
DA:34,0
DA:36,0
DA:54,0
DA:64,0
DA:78,0
DA:79,0
DA:82,0
DA:86,0
DA:92,0
DA:94,0
DA:109,0
DA:113,0
DA:115,0
DA:119,0
LF:26
LH:4
BRDA:16,0,0,0
BRDA:16,0,1,0
BRDA:33,1,0,0
BRDA:33,2,0,0
BRDA:78,3,0,0
BRDA:78,3,1,0
BRF:6
BRH:0
end_of_record
